0 silly argv {
0 silly argv   _: [ 'exec' ],
0 silly argv   scope: '@mymediabrains/app',
0 silly argv   args: [],
0 silly argv   '--': [ 'yarn', 'start' ],
0 silly argv   lernaVersion: '4.0.0',
0 silly argv   '$0': '/Users/catchhub/react/lerna_react/node_modules/.bin/lerna'
0 silly argv }
1 notice cli v4.0.0
2 verbose rootPath /Users/catchhub/react/lerna_react
3 info versioning independent
4 error Error: Invalid package name "mymediabrains/components": name can only contain URL-friendly characters
4 error     at invalidPackageName (/Users/catchhub/react/lerna_react/node_modules/npm-package-arg/npa.js:84:15)
4 error     at Result.setName (/Users/catchhub/react/lerna_react/node_modules/npm-package-arg/npa.js:119:11)
4 error     at new Result (/Users/catchhub/react/lerna_react/node_modules/npm-package-arg/npa.js:110:10)
4 error     at Function.resolve (/Users/catchhub/react/lerna_react/node_modules/npm-package-arg/npa.js:54:15)
4 error     at /Users/catchhub/react/lerna_react/node_modules/@lerna/package-graph/index.js:66:30
4 error     at Array.forEach (<anonymous>)
4 error     at /Users/catchhub/react/lerna_react/node_modules/@lerna/package-graph/index.js:60:38
4 error     at Map.forEach (<anonymous>)
4 error     at new PackageGraph (/Users/catchhub/react/lerna_react/node_modules/@lerna/package-graph/index.js:49:10)
